<?xml version="1.0" encoding="UTF-8"?>
<testng-results ignored="0" total="2" passed="2" failed="0" skipped="0">
  <reporter-output>
  </reporter-output>
  <suite started-at="2023-07-26T00:13:02 GMT-07:00" name="Surefire suite" finished-at="2023-07-26T00:13:02 GMT-07:00" duration-ms="22">
    <groups>
    </groups>
    <test started-at="2023-07-26T00:13:02 GMT-07:00" name="Surefire test" finished-at="2023-07-26T00:13:02 GMT-07:00" duration-ms="22">
      <class name="automations.MobileTest">
        <test-method signature="login()[pri:0, instance:automations.MobileTest@797badd3]" started-at="2023-07-26T00:13:02 GMT-07:00" name="login" finished-at="2023-07-26T00:13:02 GMT-07:00" duration-ms="2" status="PASS">
          <reporter-output>
          </reporter-output>
        </test-method> <!-- login -->
        <test-method signature="logout()[pri:0, instance:automations.MobileTest@797badd3]" started-at="2023-07-26T00:13:02 GMT-07:00" name="logout" finished-at="2023-07-26T00:13:02 GMT-07:00" duration-ms="0" status="PASS">
          <reporter-output>
          </reporter-output>
        </test-method> <!-- logout -->
      </class> <!-- automations.MobileTest -->
    </test> <!-- Surefire test -->
  </suite> <!-- Surefire suite -->
</testng-results>
